;  LST file generated by mikroListExporter - v.2.0 
; Date/Time: 1/19/2015 6:22:26 PM
;----------------------------------------------

;Address Opcode 	ASM
0x0000	0x29F1      	GOTO       497
_interrupt:
0x0004	0x00FF      	MOVWF      R15
0x0005	0x0E03      	SWAPF      STATUS, 0
0x0006	0x0183      	CLRF       STATUS
0x0007	0x00CB      	MOVWF      ___saveSTATUS
0x0008	0x080A      	MOVF       PCLATH, 0
0x0009	0x00CC      	MOVWF      ___savePCLATH
0x000A	0x018A      	CLRF       PCLATH
0x000B	0x0870      	MOVF       R0, 0
0x000C	0x00A0      	MOVWF      32
;PWMAudioC.c,48 :: 		void interrupt()
;PWMAudioC.c,50 :: 		if (TMR0IF_bit)
0x000D	0x1D0B      	BTFSS      TMR0IF_bit, BitPos(TMR0IF_bit+0)
0x000E	0x2827      	GOTO       L_interrupt16
;PWMAudioC.c,52 :: 		cnt++;
0x000F	0x0AC5      	INCF       _cnt, 1
0x0010	0x1903      	BTFSC      STATUS, 2
0x0011	0x0AC6      	INCF       _cnt+1, 1
;PWMAudioC.c,53 :: 		if (cnt >= 60)
0x0012	0x3080      	MOVLW      128
0x0013	0x0646      	XORWF      _cnt+1, 0
0x0014	0x00F0      	MOVWF      R0
0x0015	0x3080      	MOVLW      128
0x0016	0x0270      	SUBWF      R0, 0
0x0017	0x1D03      	BTFSS      STATUS, 2
0x0018	0x281B      	GOTO       L__interrupt38
0x0019	0x303C      	MOVLW      60
0x001A	0x0245      	SUBWF      _cnt, 0
L__interrupt38:
0x001B	0x1C03      	BTFSS      STATUS, 0
0x001C	0x2824      	GOTO       L_interrupt17
;PWMAudioC.c,55 :: 		PORTD = equalizer(chr);
0x001D	0x0847      	MOVF       _chr, 0
0x001E	0x00D2      	MOVWF      FARG_equalizer_c
0x001F	0x2186      	CALL       _equalizer
0x0020	0x0870      	MOVF       R0, 0
0x0021	0x0088      	MOVWF      PORTD
;PWMAudioC.c,56 :: 		cnt = 0;
0x0022	0x01C5      	CLRF       _cnt
0x0023	0x01C6      	CLRF       _cnt+1
;PWMAudioC.c,57 :: 		}
L_interrupt17:
;PWMAudioC.c,58 :: 		TMR0IF_bit = 0;
0x0024	0x110B      	BCF        TMR0IF_bit, BitPos(TMR0IF_bit+0)
;PWMAudioC.c,59 :: 		TMR0 = 155;
0x0025	0x309B      	MOVLW      155
0x0026	0x0081      	MOVWF      TMR0
;PWMAudioC.c,60 :: 		}
L_interrupt16:
;PWMAudioC.c,61 :: 		}
L_end_interrupt:
L__interrupt37:
0x0027	0x0820      	MOVF       32, 0
0x0028	0x00F0      	MOVWF      R0
0x0029	0x084C      	MOVF       ___savePCLATH, 0
0x002A	0x008A      	MOVWF      PCLATH
0x002B	0x0E4B      	SWAPF      ___saveSTATUS, 0
0x002C	0x0083      	MOVWF      STATUS
0x002D	0x0EFF      	SWAPF      R15, 1
0x002E	0x0E7F      	SWAPF      R15, 0
0x002F	0x0009      	RETFIE
; end of _interrupt
_Delay_50us:
;__Lib_Delays.c,19 :: 		void Delay_50us() {
;__Lib_Delays.c,20 :: 		Delay_us(50);
0x0030	0x3053      	MOVLW      83
0x0031	0x1283      	BCF        STATUS, 5
0x0032	0x1303      	BCF        STATUS, 6
0x0033	0x00FD      	MOVWF      R13
L_Delay_50us2:
0x0034	0x0BFD      	DECFSZ     R13, 1
0x0035	0x2834      	GOTO       L_Delay_50us2
;__Lib_Delays.c,21 :: 		}
L_end_Delay_50us:
0x0036	0x0008      	RETURN
; end of _Delay_50us
_Delay_5500us:
;__Lib_Delays.c,31 :: 		void Delay_5500us() {
;__Lib_Delays.c,32 :: 		Delay_us(5500);
0x0037	0x3024      	MOVLW      36
0x0038	0x1283      	BCF        STATUS, 5
0x0039	0x1303      	BCF        STATUS, 6
0x003A	0x00FC      	MOVWF      R12
0x003B	0x30B5      	MOVLW      181
0x003C	0x00FD      	MOVWF      R13
L_Delay_5500us5:
0x003D	0x0BFD      	DECFSZ     R13, 1
0x003E	0x283D      	GOTO       L_Delay_5500us5
0x003F	0x0BFC      	DECFSZ     R12, 1
0x0040	0x283D      	GOTO       L_Delay_5500us5
0x0041	0x0000      	NOP
0x0042	0x0000      	NOP
;__Lib_Delays.c,33 :: 		}
L_end_Delay_5500us:
0x0043	0x0008      	RETURN
; end of _Delay_5500us
_Delay_1us:
;__Lib_Delays.c,7 :: 		void Delay_1us() {
;__Lib_Delays.c,8 :: 		Delay_us(1);
0x0044	0x0000      	NOP
0x0045	0x0000      	NOP
0x0046	0x0000      	NOP
0x0047	0x0000      	NOP
0x0048	0x0000      	NOP
;__Lib_Delays.c,9 :: 		}
L_end_Delay_1us:
0x0049	0x0008      	RETURN
; end of _Delay_1us
_____DoICP:
;__Lib_System.c,6 :: 		
;__Lib_System.c,9 :: 		
0x004A	0x1283      	BCF        STATUS, 5
0x004B	0x1303      	BCF        STATUS, 6
0x004C	0x0822      	MOVF       ___DoICPAddr+1, 0
0x004D	0x008A      	MOVWF      PCLATH
;__Lib_System.c,10 :: 		
0x004E	0x0821      	MOVF       ___DoICPAddr, 0
0x004F	0x0082      	MOVWF      PCL
;__Lib_System.c,12 :: 		
L_end_____DoICP:
0x0050	0x0008      	RETURN
; end of _____DoICP
_Mul_16x16_U:
;__Lib_Math.c,136 :: 		
;__Lib_Math.c,143 :: 		
0x0051	0x1283      	BCF        STATUS, 5
;__Lib_Math.c,144 :: 		
0x0052	0x1303      	BCF        STATUS, 6
;__Lib_Math.c,145 :: 		
0x0053	0x01FB      	CLRF       R11
;__Lib_Math.c,146 :: 		
0x0054	0x01FA      	CLRF       R10
;__Lib_Math.c,147 :: 		
0x0055	0x01F9      	CLRF       R9
;__Lib_Math.c,148 :: 		
0x0056	0x3080      	MOVLW      128
;__Lib_Math.c,149 :: 		
0x0057	0x00F8      	MOVWF      R8
;__Lib_Math.c,150 :: 		
0x0058	0x0CF1      	RRF        R1, 1
;__Lib_Math.c,151 :: 		
0x0059	0x0CF0      	RRF        R0, 1
;__Lib_Math.c,152 :: 		
0x005A	0x1C03      	BTFSS      STATUS, 0
;__Lib_Math.c,153 :: 		
0x005B	0x2865      	GOTO       $+10
;__Lib_Math.c,154 :: 		
0x005C	0x0874      	MOVF       R4, 0
;__Lib_Math.c,155 :: 		
0x005D	0x07F9      	ADDWF      R9, 1
;__Lib_Math.c,156 :: 		
0x005E	0x0875      	MOVF       R5, 0
;__Lib_Math.c,157 :: 		
0x005F	0x1803      	BTFSC      STATUS, 0
;__Lib_Math.c,158 :: 		
0x0060	0x0F75      	INCFSZ     R5, 0
;__Lib_Math.c,159 :: 		
0x0061	0x07FA      	ADDWF      R10, 1
;__Lib_Math.c,160 :: 		
0x0062	0x1803      	BTFSC      STATUS, 0
;__Lib_Math.c,161 :: 		
0x0063	0x0AFB      	INCF       R11, 1
;__Lib_Math.c,162 :: 		
0x0064	0x1003      	BCF        STATUS, 0
;__Lib_Math.c,163 :: 		
0x0065	0x1FF0      	BTFSS      R0, 7
;__Lib_Math.c,164 :: 		
0x0066	0x286D      	GOTO       $+7
;__Lib_Math.c,165 :: 		
0x0067	0x0874      	MOVF       R4, 0
;__Lib_Math.c,166 :: 		
0x0068	0x07FA      	ADDWF      R10, 1
;__Lib_Math.c,167 :: 		
0x0069	0x0875      	MOVF       R5, 0
;__Lib_Math.c,168 :: 		
0x006A	0x1803      	BTFSC      STATUS, 0
;__Lib_Math.c,169 :: 		
0x006B	0x0F75      	INCFSZ     R5, 0
;__Lib_Math.c,170 :: 		
0x006C	0x07FB      	ADDWF      R11, 1
;__Lib_Math.c,171 :: 		
0x006D	0x0CFB      	RRF        R11, 1
;__Lib_Math.c,172 :: 		
0x006E	0x0CFA      	RRF        R10, 1
;__Lib_Math.c,173 :: 		
0x006F	0x0CF9      	RRF        R9, 1
;__Lib_Math.c,174 :: 		
0x0070	0x0CF8      	RRF        R8, 1
;__Lib_Math.c,175 :: 		
0x0071	0x1C03      	BTFSS      STATUS, 0
;__Lib_Math.c,176 :: 		
0x0072	0x2858      	GOTO       $-26
;__Lib_Math.c,177 :: 		
0x0073	0x087B      	MOVF       R11, 0
;__Lib_Math.c,178 :: 		
0x0074	0x00F3      	MOVWF      R3
;__Lib_Math.c,179 :: 		
0x0075	0x087A      	MOVF       R10, 0
;__Lib_Math.c,180 :: 		
0x0076	0x00F2      	MOVWF      R2
;__Lib_Math.c,181 :: 		
0x0077	0x0879      	MOVF       R9, 0
;__Lib_Math.c,182 :: 		
0x0078	0x00F1      	MOVWF      R1
;__Lib_Math.c,183 :: 		
0x0079	0x0878      	MOVF       R8, 0
;__Lib_Math.c,184 :: 		
0x007A	0x00F0      	MOVWF      R0
;__Lib_Math.c,187 :: 		
L_end_Mul_16x16_U:
0x007B	0x0008      	RETURN
; end of _Mul_16x16_U
_Lcd_Cmd:
;__Lib_Lcd.c,18 :: 		
;__Lib_Lcd.c,20 :: 		
0x007C	0x1283      	BCF        STATUS, 5
0x007D	0x1303      	BCF        STATUS, 6
0x007E	0x1BD1      	BTFSC      FARG_Lcd_Cmd_out_char, 7
0x007F	0x2882      	GOTO       L__Lcd_Cmd21
0x0080	0x1186      	BCF        LCD_D7, BitPos(LCD_D7+0)
0x0081	0x2883      	GOTO       L__Lcd_Cmd22
L__Lcd_Cmd21:
0x0082	0x1586      	BSF        LCD_D7, BitPos(LCD_D7+0)
L__Lcd_Cmd22:
;__Lib_Lcd.c,21 :: 		
0x0083	0x1B51      	BTFSC      FARG_Lcd_Cmd_out_char, 6
0x0084	0x2887      	GOTO       L__Lcd_Cmd23
0x0085	0x1106      	BCF        LCD_D6, BitPos(LCD_D6+0)
0x0086	0x2888      	GOTO       L__Lcd_Cmd24
L__Lcd_Cmd23:
0x0087	0x1506      	BSF        LCD_D6, BitPos(LCD_D6+0)
L__Lcd_Cmd24:
;__Lib_Lcd.c,22 :: 		
0x0088	0x1AD1      	BTFSC      FARG_Lcd_Cmd_out_char, 5
0x0089	0x288C      	GOTO       L__Lcd_Cmd25
0x008A	0x1086      	BCF        LCD_D5, BitPos(LCD_D5+0)
0x008B	0x288D      	GOTO       L__Lcd_Cmd26
L__Lcd_Cmd25:
0x008C	0x1486      	BSF        LCD_D5, BitPos(LCD_D5+0)
L__Lcd_Cmd26:
;__Lib_Lcd.c,23 :: 		
0x008D	0x1A51      	BTFSC      FARG_Lcd_Cmd_out_char, 4
0x008E	0x2891      	GOTO       L__Lcd_Cmd27
0x008F	0x1006      	BCF        LCD_D4, BitPos(LCD_D4+0)
0x0090	0x2892      	GOTO       L__Lcd_Cmd28
L__Lcd_Cmd27:
0x0091	0x1406      	BSF        LCD_D4, BitPos(LCD_D4+0)
L__Lcd_Cmd28:
;__Lib_Lcd.c,25 :: 		
0x0092	0x1849      	BTFSC      __Lib_Lcd_cmd_status, BitPos(__Lib_Lcd_cmd_status+0)
0x0093	0x2896      	GOTO       L__Lcd_Cmd29
0x0094	0x1606      	BSF        LCD_RS, BitPos(LCD_RS+0)
0x0095	0x2897      	GOTO       L__Lcd_Cmd30
L__Lcd_Cmd29:
0x0096	0x1206      	BCF        LCD_RS, BitPos(LCD_RS+0)
L__Lcd_Cmd30:
;__Lib_Lcd.c,28 :: 		
0x0097	0x1686      	BSF        LCD_EN, BitPos(LCD_EN+0)
;__Lib_Lcd.c,29 :: 		
0x0098	0x2044      	CALL       _Delay_1us
;__Lib_Lcd.c,30 :: 		
0x0099	0x1286      	BCF        LCD_EN, BitPos(LCD_EN+0)
;__Lib_Lcd.c,33 :: 		
0x009A	0x19D1      	BTFSC      FARG_Lcd_Cmd_out_char, 3
0x009B	0x289E      	GOTO       L__Lcd_Cmd31
0x009C	0x1186      	BCF        LCD_D7, BitPos(LCD_D7+0)
0x009D	0x289F      	GOTO       L__Lcd_Cmd32
L__Lcd_Cmd31:
0x009E	0x1586      	BSF        LCD_D7, BitPos(LCD_D7+0)
L__Lcd_Cmd32:
;__Lib_Lcd.c,34 :: 		
0x009F	0x1951      	BTFSC      FARG_Lcd_Cmd_out_char, 2
0x00A0	0x28A3      	GOTO       L__Lcd_Cmd33
0x00A1	0x1106      	BCF        LCD_D6, BitPos(LCD_D6+0)
0x00A2	0x28A4      	GOTO       L__Lcd_Cmd34
L__Lcd_Cmd33:
0x00A3	0x1506      	BSF        LCD_D6, BitPos(LCD_D6+0)
L__Lcd_Cmd34:
;__Lib_Lcd.c,35 :: 		
0x00A4	0x18D1      	BTFSC      FARG_Lcd_Cmd_out_char, 1
0x00A5	0x28A8      	GOTO       L__Lcd_Cmd35
0x00A6	0x1086      	BCF        LCD_D5, BitPos(LCD_D5+0)
0x00A7	0x28A9      	GOTO       L__Lcd_Cmd36
L__Lcd_Cmd35:
0x00A8	0x1486      	BSF        LCD_D5, BitPos(LCD_D5+0)
L__Lcd_Cmd36:
;__Lib_Lcd.c,36 :: 		
0x00A9	0x1851      	BTFSC      FARG_Lcd_Cmd_out_char, 0
0x00AA	0x28AD      	GOTO       L__Lcd_Cmd37
0x00AB	0x1006      	BCF        LCD_D4, BitPos(LCD_D4+0)
0x00AC	0x28AE      	GOTO       L__Lcd_Cmd38
L__Lcd_Cmd37:
0x00AD	0x1406      	BSF        LCD_D4, BitPos(LCD_D4+0)
L__Lcd_Cmd38:
;__Lib_Lcd.c,38 :: 		
0x00AE	0x1849      	BTFSC      __Lib_Lcd_cmd_status, BitPos(__Lib_Lcd_cmd_status+0)
0x00AF	0x28B2      	GOTO       L__Lcd_Cmd39
0x00B0	0x1606      	BSF        LCD_RS, BitPos(LCD_RS+0)
0x00B1	0x28B3      	GOTO       L__Lcd_Cmd40
L__Lcd_Cmd39:
0x00B2	0x1206      	BCF        LCD_RS, BitPos(LCD_RS+0)
L__Lcd_Cmd40:
;__Lib_Lcd.c,40 :: 		
0x00B3	0x1686      	BSF        LCD_EN, BitPos(LCD_EN+0)
;__Lib_Lcd.c,41 :: 		
0x00B4	0x2044      	CALL       _Delay_1us
;__Lib_Lcd.c,42 :: 		
0x00B5	0x1286      	BCF        LCD_EN, BitPos(LCD_EN+0)
;__Lib_Lcd.c,44 :: 		
0x00B6	0x1C49      	BTFSS      __Lib_Lcd_cmd_status, BitPos(__Lib_Lcd_cmd_status+0)
0x00B7	0x28BA      	GOTO       L_Lcd_Cmd0
;__Lib_Lcd.c,45 :: 		
0x00B8	0x2037      	CALL       _Delay_5500us
0x00B9	0x28BB      	GOTO       L_Lcd_Cmd1
L_Lcd_Cmd0:
;__Lib_Lcd.c,47 :: 		
0x00BA	0x2030      	CALL       _Delay_50us
L_Lcd_Cmd1:
;__Lib_Lcd.c,48 :: 		
L_end_Lcd_Cmd:
0x00BB	0x0008      	RETURN
; end of _Lcd_Cmd
_PWM2_Set_Duty:
;__Lib_PWM_c21.c,8 :: 		
;__Lib_PWM_c21.c,12 :: 		
0x00BC	0x1683      	BSF        STATUS, 5
0x00BD	0x1303      	BCF        STATUS, 6
0x00BE	0x0812      	MOVF       PR2, 0
0x00BF	0x3E01      	ADDLW      1
0x00C0	0x00F0      	MOVWF      R0
0x00C1	0x01F1      	CLRF       R0+1
0x00C2	0x1803      	BTFSC      STATUS, 0
0x00C3	0x0AF1      	INCF       R0+1, 1
0x00C4	0x1283      	BCF        STATUS, 5
0x00C5	0x084D      	MOVF       FARG_PWM2_Set_Duty_new_duty, 0
0x00C6	0x00F4      	MOVWF      R4
0x00C7	0x01F5      	CLRF       R4+1
0x00C8	0x2051      	CALL       _Mul_16x16_U
0x00C9	0x3006      	MOVLW      6
0x00CA	0x00F2      	MOVWF      R2
0x00CB	0x0870      	MOVF       R0, 0
0x00CC	0x00F4      	MOVWF      R4
0x00CD	0x0871      	MOVF       R0+1, 0
0x00CE	0x00F5      	MOVWF      R4+1
0x00CF	0x0872      	MOVF       R2, 0
L__PWM2_Set_Duty2:
0x00D0	0x1903      	BTFSC      STATUS, 2
0x00D1	0x28D7      	GOTO       L__PWM2_Set_Duty3
0x00D2	0x0CF5      	RRF        R4+1, 1
0x00D3	0x0CF4      	RRF        R4, 1
0x00D4	0x13F5      	BCF        R4+1, 7
0x00D5	0x3EFF      	ADDLW      255
0x00D6	0x28D0      	GOTO       L__PWM2_Set_Duty2
L__PWM2_Set_Duty3:
;__Lib_PWM_c21.c,13 :: 		
0x00D7	0x3004      	MOVLW      4
0x00D8	0x00F1      	MOVWF      R1
0x00D9	0x0874      	MOVF       R4, 0
0x00DA	0x00F0      	MOVWF      R0
0x00DB	0x0871      	MOVF       R1, 0
L__PWM2_Set_Duty4:
0x00DC	0x1903      	BTFSC      STATUS, 2
0x00DD	0x28E2      	GOTO       L__PWM2_Set_Duty5
0x00DE	0x0DF0      	RLF        R0, 1
0x00DF	0x1070      	BCF        R0, 0
0x00E0	0x3EFF      	ADDLW      255
0x00E1	0x28DC      	GOTO       L__PWM2_Set_Duty4
L__PWM2_Set_Duty5:
0x00E2	0x3030      	MOVLW      48
0x00E3	0x0570      	ANDWF      R0, 0
0x00E4	0x00F3      	MOVWF      R3
;__Lib_PWM_c21.c,14 :: 		
0x00E5	0x0874      	MOVF       R4, 0
0x00E6	0x00F0      	MOVWF      R0
0x00E7	0x0875      	MOVF       R4+1, 0
0x00E8	0x00F1      	MOVWF      R0+1
0x00E9	0x0CF1      	RRF        R0+1, 1
0x00EA	0x0CF0      	RRF        R0, 1
0x00EB	0x13F1      	BCF        R0+1, 7
0x00EC	0x0CF1      	RRF        R0+1, 1
0x00ED	0x0CF0      	RRF        R0, 1
0x00EE	0x13F1      	BCF        R0+1, 7
0x00EF	0x0870      	MOVF       R0, 0
0x00F0	0x009B      	MOVWF      CCPR2L
;__Lib_PWM_c21.c,15 :: 		
0x00F1	0x300F      	MOVLW      15
0x00F2	0x059D      	ANDWF      CCP2CON, 1
;__Lib_PWM_c21.c,16 :: 		
0x00F3	0x0873      	MOVF       R3, 0
0x00F4	0x049D      	IORWF      CCP2CON, 1
;__Lib_PWM_c21.c,17 :: 		
L_end_PWM2_Set_Duty:
0x00F5	0x0008      	RETURN
; end of _PWM2_Set_Duty
_PWM2_Init:
;__Lib_PWM_c21.c,1 :: 		
;__Lib_PWM_c21.c,2 :: 		
;__Lib_PWM_c21.c,3 :: 		
0x00F6	0x1283      	BCF        STATUS, 5
0x00F7	0x1303      	BCF        STATUS, 6
0x00F8	0x019B      	CLRF       CCPR2L
;__Lib_PWM_c21.c,4 :: 		
0x00F9	0x121D      	BCF        CCP2CON, 4
;__Lib_PWM_c21.c,5 :: 		
0x00FA	0x129D      	BCF        CCP2CON, 5
;__Lib_PWM_c21.c,6 :: 		
L_end_PWM2_Init:
0x00FB	0x0008      	RETURN
; end of _PWM2_Init
_UART1_Data_Ready:
;__Lib_UART_c67.c,16 :: 		
;__Lib_UART_c67.c,17 :: 		
0x00FC	0x3000      	MOVLW      0
0x00FD	0x1283      	BCF        STATUS, 5
0x00FE	0x1303      	BCF        STATUS, 6
0x00FF	0x1A8C      	BTFSC      PIR1, 5
0x0100	0x3001      	MOVLW      1
0x0101	0x00F0      	MOVWF      R0
;__Lib_UART_c67.c,18 :: 		
L_end_UART1_Data_Ready:
0x0102	0x0008      	RETURN
; end of _UART1_Data_Ready
_Lcd_Chr:
;__Lib_Lcd.c,65 :: 		
;__Lib_Lcd.c,66 :: 		
0x0103	0x2915      	GOTO       L_Lcd_Chr4
;__Lib_Lcd.c,67 :: 		
L_Lcd_Chr6:
0x0104	0x3080      	MOVLW      128
0x0105	0x1283      	BCF        STATUS, 5
0x0106	0x1303      	BCF        STATUS, 6
0x0107	0x00CD      	MOVWF      FARG_Lcd_Chr_row
0x0108	0x2928      	GOTO       L_Lcd_Chr5
;__Lib_Lcd.c,68 :: 		
L_Lcd_Chr7:
0x0109	0x30C0      	MOVLW      192
0x010A	0x00CD      	MOVWF      FARG_Lcd_Chr_row
0x010B	0x2928      	GOTO       L_Lcd_Chr5
;__Lib_Lcd.c,69 :: 		
L_Lcd_Chr8:
0x010C	0x3094      	MOVLW      148
0x010D	0x00CD      	MOVWF      FARG_Lcd_Chr_row
0x010E	0x2928      	GOTO       L_Lcd_Chr5
;__Lib_Lcd.c,70 :: 		
L_Lcd_Chr9:
0x010F	0x30D4      	MOVLW      212
0x0110	0x00CD      	MOVWF      FARG_Lcd_Chr_row
0x0111	0x2928      	GOTO       L_Lcd_Chr5
;__Lib_Lcd.c,71 :: 		
L_Lcd_Chr10:
0x0112	0x3080      	MOVLW      128
0x0113	0x00CD      	MOVWF      FARG_Lcd_Chr_row
;__Lib_Lcd.c,72 :: 		
0x0114	0x2928      	GOTO       L_Lcd_Chr5
L_Lcd_Chr4:
0x0115	0x1283      	BCF        STATUS, 5
0x0116	0x1303      	BCF        STATUS, 6
0x0117	0x084D      	MOVF       FARG_Lcd_Chr_row, 0
0x0118	0x3A01      	XORLW      1
0x0119	0x1903      	BTFSC      STATUS, 2
0x011A	0x2904      	GOTO       L_Lcd_Chr6
0x011B	0x084D      	MOVF       FARG_Lcd_Chr_row, 0
0x011C	0x3A02      	XORLW      2
0x011D	0x1903      	BTFSC      STATUS, 2
0x011E	0x2909      	GOTO       L_Lcd_Chr7
0x011F	0x084D      	MOVF       FARG_Lcd_Chr_row, 0
0x0120	0x3A03      	XORLW      3
0x0121	0x1903      	BTFSC      STATUS, 2
0x0122	0x290C      	GOTO       L_Lcd_Chr8
0x0123	0x084D      	MOVF       FARG_Lcd_Chr_row, 0
0x0124	0x3A04      	XORLW      4
0x0125	0x1903      	BTFSC      STATUS, 2
0x0126	0x290F      	GOTO       L_Lcd_Chr9
0x0127	0x2912      	GOTO       L_Lcd_Chr10
L_Lcd_Chr5:
;__Lib_Lcd.c,74 :: 		
0x0128	0x034E      	DECF       FARG_Lcd_Chr_column, 0
0x0129	0x00F0      	MOVWF      R0
0x012A	0x084D      	MOVF       FARG_Lcd_Chr_row, 0
0x012B	0x07F0      	ADDWF      R0, 1
0x012C	0x0870      	MOVF       R0, 0
0x012D	0x00CD      	MOVWF      FARG_Lcd_Chr_row
;__Lib_Lcd.c,76 :: 		
0x012E	0x1449      	BSF        __Lib_Lcd_cmd_status, BitPos(__Lib_Lcd_cmd_status+0)
;__Lib_Lcd.c,77 :: 		
0x012F	0x0870      	MOVF       R0, 0
0x0130	0x00D1      	MOVWF      FARG_Lcd_Cmd_out_char
0x0131	0x207C      	CALL       _Lcd_Cmd
;__Lib_Lcd.c,79 :: 		
0x0132	0x1049      	BCF        __Lib_Lcd_cmd_status, BitPos(__Lib_Lcd_cmd_status+0)
;__Lib_Lcd.c,80 :: 		
0x0133	0x084F      	MOVF       FARG_Lcd_Chr_out_char, 0
0x0134	0x00D1      	MOVWF      FARG_Lcd_Cmd_out_char
0x0135	0x207C      	CALL       _Lcd_Cmd
;__Lib_Lcd.c,81 :: 		
0x0136	0x1449      	BSF        __Lib_Lcd_cmd_status, BitPos(__Lib_Lcd_cmd_status+0)
;__Lib_Lcd.c,82 :: 		
L_end_Lcd_Chr:
0x0137	0x0008      	RETURN
; end of _Lcd_Chr
_Lcd_Init:
;__Lib_Lcd.c,84 :: 		
;__Lib_Lcd.c,86 :: 		
0x0138	0x1683      	BSF        STATUS, 5
0x0139	0x1303      	BCF        STATUS, 6
0x013A	0x1286      	BCF        LCD_EN_Direction, BitPos(LCD_EN_Direction+0)
;__Lib_Lcd.c,87 :: 		
0x013B	0x1206      	BCF        LCD_RS_Direction, BitPos(LCD_RS_Direction+0)
;__Lib_Lcd.c,88 :: 		
0x013C	0x1006      	BCF        LCD_D4_Direction, BitPos(LCD_D4_Direction+0)
;__Lib_Lcd.c,89 :: 		
0x013D	0x1086      	BCF        LCD_D5_Direction, BitPos(LCD_D5_Direction+0)
;__Lib_Lcd.c,90 :: 		
0x013E	0x1106      	BCF        LCD_D6_Direction, BitPos(LCD_D6_Direction+0)
;__Lib_Lcd.c,91 :: 		
0x013F	0x1186      	BCF        LCD_D7_Direction, BitPos(LCD_D7_Direction+0)
;__Lib_Lcd.c,93 :: 		
0x0140	0x1283      	BCF        STATUS, 5
0x0141	0x1286      	BCF        LCD_EN, BitPos(LCD_EN+0)
;__Lib_Lcd.c,94 :: 		
0x0142	0x1206      	BCF        LCD_RS, BitPos(LCD_RS+0)
;__Lib_Lcd.c,95 :: 		
0x0143	0x1186      	BCF        LCD_D7, BitPos(LCD_D7+0)
;__Lib_Lcd.c,96 :: 		
0x0144	0x1106      	BCF        LCD_D6, BitPos(LCD_D6+0)
;__Lib_Lcd.c,97 :: 		
0x0145	0x1086      	BCF        LCD_D5, BitPos(LCD_D5+0)
;__Lib_Lcd.c,98 :: 		
0x0146	0x1006      	BCF        LCD_D4, BitPos(LCD_D4+0)
;__Lib_Lcd.c,100 :: 		
0x0147	0x2037      	CALL       _Delay_5500us
;__Lib_Lcd.c,101 :: 		
0x0148	0x2037      	CALL       _Delay_5500us
;__Lib_Lcd.c,102 :: 		
0x0149	0x2037      	CALL       _Delay_5500us
;__Lib_Lcd.c,105 :: 		
0x014A	0x1486      	BSF        LCD_D5, BitPos(LCD_D5+0)
;__Lib_Lcd.c,106 :: 		
0x014B	0x1406      	BSF        LCD_D4, BitPos(LCD_D4+0)
;__Lib_Lcd.c,107 :: 		
0x014C	0x1686      	BSF        LCD_EN, BitPos(LCD_EN+0)
;__Lib_Lcd.c,108 :: 		
0x014D	0x2044      	CALL       _Delay_1us
;__Lib_Lcd.c,109 :: 		
0x014E	0x1286      	BCF        LCD_EN, BitPos(LCD_EN+0)
;__Lib_Lcd.c,110 :: 		
0x014F	0x2037      	CALL       _Delay_5500us
;__Lib_Lcd.c,112 :: 		
0x0150	0x1686      	BSF        LCD_EN, BitPos(LCD_EN+0)
;__Lib_Lcd.c,113 :: 		
0x0151	0x2044      	CALL       _Delay_1us
;__Lib_Lcd.c,114 :: 		
0x0152	0x1286      	BCF        LCD_EN, BitPos(LCD_EN+0)
;__Lib_Lcd.c,115 :: 		
0x0153	0x2037      	CALL       _Delay_5500us
;__Lib_Lcd.c,117 :: 		
0x0154	0x1686      	BSF        LCD_EN, BitPos(LCD_EN+0)
;__Lib_Lcd.c,118 :: 		
0x0155	0x2044      	CALL       _Delay_1us
;__Lib_Lcd.c,119 :: 		
0x0156	0x1286      	BCF        LCD_EN, BitPos(LCD_EN+0)
;__Lib_Lcd.c,120 :: 		
0x0157	0x2037      	CALL       _Delay_5500us
;__Lib_Lcd.c,123 :: 		
0x0158	0x1006      	BCF        LCD_D4, BitPos(LCD_D4+0)
;__Lib_Lcd.c,124 :: 		
0x0159	0x1686      	BSF        LCD_EN, BitPos(LCD_EN+0)
;__Lib_Lcd.c,125 :: 		
0x015A	0x2044      	CALL       _Delay_1us
;__Lib_Lcd.c,126 :: 		
0x015B	0x1286      	BCF        LCD_EN, BitPos(LCD_EN+0)
;__Lib_Lcd.c,127 :: 		
0x015C	0x2037      	CALL       _Delay_5500us
;__Lib_Lcd.c,130 :: 		
0x015D	0x1686      	BSF        LCD_EN, BitPos(LCD_EN+0)
;__Lib_Lcd.c,131 :: 		
0x015E	0x2044      	CALL       _Delay_1us
;__Lib_Lcd.c,132 :: 		
0x015F	0x1286      	BCF        LCD_EN, BitPos(LCD_EN+0)
;__Lib_Lcd.c,134 :: 		
0x0160	0x1086      	BCF        LCD_D5, BitPos(LCD_D5+0)
;__Lib_Lcd.c,135 :: 		
0x0161	0x1586      	BSF        LCD_D7, BitPos(LCD_D7+0)
;__Lib_Lcd.c,136 :: 		
0x0162	0x1686      	BSF        LCD_EN, BitPos(LCD_EN+0)
;__Lib_Lcd.c,137 :: 		
0x0163	0x2044      	CALL       _Delay_1us
;__Lib_Lcd.c,138 :: 		
0x0164	0x1286      	BCF        LCD_EN, BitPos(LCD_EN+0)
;__Lib_Lcd.c,139 :: 		
0x0165	0x2037      	CALL       _Delay_5500us
;__Lib_Lcd.c,142 :: 		
0x0166	0x1186      	BCF        LCD_D7, BitPos(LCD_D7+0)
;__Lib_Lcd.c,143 :: 		
0x0167	0x1406      	BSF        LCD_D4, BitPos(LCD_D4+0)
;__Lib_Lcd.c,144 :: 		
0x0168	0x1686      	BSF        LCD_EN, BitPos(LCD_EN+0)
;__Lib_Lcd.c,145 :: 		
0x0169	0x2044      	CALL       _Delay_1us
;__Lib_Lcd.c,146 :: 		
0x016A	0x1286      	BCF        LCD_EN, BitPos(LCD_EN+0)
;__Lib_Lcd.c,148 :: 		
0x016B	0x1006      	BCF        LCD_D4, BitPos(LCD_D4+0)
;__Lib_Lcd.c,149 :: 		
0x016C	0x1686      	BSF        LCD_EN, BitPos(LCD_EN+0)
;__Lib_Lcd.c,150 :: 		
0x016D	0x2044      	CALL       _Delay_1us
;__Lib_Lcd.c,151 :: 		
0x016E	0x1286      	BCF        LCD_EN, BitPos(LCD_EN+0)
;__Lib_Lcd.c,152 :: 		
0x016F	0x2037      	CALL       _Delay_5500us
;__Lib_Lcd.c,155 :: 		
0x0170	0x1686      	BSF        LCD_EN, BitPos(LCD_EN+0)
;__Lib_Lcd.c,156 :: 		
0x0171	0x2044      	CALL       _Delay_1us
;__Lib_Lcd.c,157 :: 		
0x0172	0x1286      	BCF        LCD_EN, BitPos(LCD_EN+0)
;__Lib_Lcd.c,159 :: 		
0x0173	0x1406      	BSF        LCD_D4, BitPos(LCD_D4+0)
;__Lib_Lcd.c,160 :: 		
0x0174	0x1686      	BSF        LCD_EN, BitPos(LCD_EN+0)
;__Lib_Lcd.c,161 :: 		
0x0175	0x2044      	CALL       _Delay_1us
;__Lib_Lcd.c,162 :: 		
0x0176	0x1286      	BCF        LCD_EN, BitPos(LCD_EN+0)
;__Lib_Lcd.c,163 :: 		
0x0177	0x2037      	CALL       _Delay_5500us
;__Lib_Lcd.c,166 :: 		
0x0178	0x1006      	BCF        LCD_D4, BitPos(LCD_D4+0)
;__Lib_Lcd.c,167 :: 		
0x0179	0x1686      	BSF        LCD_EN, BitPos(LCD_EN+0)
;__Lib_Lcd.c,168 :: 		
0x017A	0x2044      	CALL       _Delay_1us
;__Lib_Lcd.c,169 :: 		
0x017B	0x1286      	BCF        LCD_EN, BitPos(LCD_EN+0)
;__Lib_Lcd.c,171 :: 		
0x017C	0x1586      	BSF        LCD_D7, BitPos(LCD_D7+0)
;__Lib_Lcd.c,172 :: 		
0x017D	0x1506      	BSF        LCD_D6, BitPos(LCD_D6+0)
;__Lib_Lcd.c,173 :: 		
0x017E	0x1486      	BSF        LCD_D5, BitPos(LCD_D5+0)
;__Lib_Lcd.c,174 :: 		
0x017F	0x1406      	BSF        LCD_D4, BitPos(LCD_D4+0)
;__Lib_Lcd.c,175 :: 		
0x0180	0x1686      	BSF        LCD_EN, BitPos(LCD_EN+0)
;__Lib_Lcd.c,176 :: 		
0x0181	0x2044      	CALL       _Delay_1us
;__Lib_Lcd.c,177 :: 		
0x0182	0x1286      	BCF        LCD_EN, BitPos(LCD_EN+0)
;__Lib_Lcd.c,179 :: 		
0x0183	0x2037      	CALL       _Delay_5500us
;__Lib_Lcd.c,181 :: 		
0x0184	0x1449      	BSF        __Lib_Lcd_cmd_status, BitPos(__Lib_Lcd_cmd_status+0)
;__Lib_Lcd.c,182 :: 		
L_end_Lcd_Init:
0x0185	0x0008      	RETURN
; end of _Lcd_Init
_equalizer:
;PWMAudioC.c,18 :: 		short equalizer(char c)
;PWMAudioC.c,20 :: 		if (c >= 223)
0x0186	0x30DF      	MOVLW      223
0x0187	0x1283      	BCF        STATUS, 5
0x0188	0x1303      	BCF        STATUS, 6
0x0189	0x0252      	SUBWF      FARG_equalizer_c, 0
0x018A	0x1C03      	BTFSS      STATUS, 0
0x018B	0x298F      	GOTO       L_equalizer0
;PWMAudioC.c,22 :: 		return 0b11111111;
0x018C	0x30FF      	MOVLW      255
0x018D	0x00F0      	MOVWF      R0
0x018E	0x29C1      	GOTO       L_end_equalizer
L_equalizer0:
;PWMAudioC.c,23 :: 		else if(c >= 191)
0x018F	0x30BF      	MOVLW      191
0x0190	0x0252      	SUBWF      FARG_equalizer_c, 0
0x0191	0x1C03      	BTFSS      STATUS, 0
0x0192	0x2996      	GOTO       L_equalizer2
;PWMAudioC.c,25 :: 		return 0b11111110;
0x0193	0x30FE      	MOVLW      254
0x0194	0x00F0      	MOVWF      R0
0x0195	0x29C1      	GOTO       L_end_equalizer
L_equalizer2:
;PWMAudioC.c,26 :: 		else if(c >= 159)
0x0196	0x309F      	MOVLW      159
0x0197	0x0252      	SUBWF      FARG_equalizer_c, 0
0x0198	0x1C03      	BTFSS      STATUS, 0
0x0199	0x299D      	GOTO       L_equalizer4
;PWMAudioC.c,28 :: 		return 0b11111100;
0x019A	0x30FC      	MOVLW      252
0x019B	0x00F0      	MOVWF      R0
0x019C	0x29C1      	GOTO       L_end_equalizer
L_equalizer4:
;PWMAudioC.c,29 :: 		else if(c >= 127)
0x019D	0x307F      	MOVLW      127
0x019E	0x0252      	SUBWF      FARG_equalizer_c, 0
0x019F	0x1C03      	BTFSS      STATUS, 0
0x01A0	0x29A4      	GOTO       L_equalizer6
;PWMAudioC.c,31 :: 		return 0b11111000;
0x01A1	0x30F8      	MOVLW      248
0x01A2	0x00F0      	MOVWF      R0
0x01A3	0x29C1      	GOTO       L_end_equalizer
L_equalizer6:
;PWMAudioC.c,32 :: 		else if(c >= 95)
0x01A4	0x305F      	MOVLW      95
0x01A5	0x0252      	SUBWF      FARG_equalizer_c, 0
0x01A6	0x1C03      	BTFSS      STATUS, 0
0x01A7	0x29AB      	GOTO       L_equalizer8
;PWMAudioC.c,34 :: 		return 0b11110000;
0x01A8	0x30F0      	MOVLW      240
0x01A9	0x00F0      	MOVWF      R0
0x01AA	0x29C1      	GOTO       L_end_equalizer
L_equalizer8:
;PWMAudioC.c,35 :: 		else if(c >= 63)
0x01AB	0x303F      	MOVLW      63
0x01AC	0x0252      	SUBWF      FARG_equalizer_c, 0
0x01AD	0x1C03      	BTFSS      STATUS, 0
0x01AE	0x29B2      	GOTO       L_equalizer10
;PWMAudioC.c,37 :: 		return 0b11100000;
0x01AF	0x30E0      	MOVLW      224
0x01B0	0x00F0      	MOVWF      R0
0x01B1	0x29C1      	GOTO       L_end_equalizer
L_equalizer10:
;PWMAudioC.c,38 :: 		else if(c>= 31)
0x01B2	0x301F      	MOVLW      31
0x01B3	0x0252      	SUBWF      FARG_equalizer_c, 0
0x01B4	0x1C03      	BTFSS      STATUS, 0
0x01B5	0x29B9      	GOTO       L_equalizer12
;PWMAudioC.c,40 :: 		return 0b11000000;
0x01B6	0x30C0      	MOVLW      192
0x01B7	0x00F0      	MOVWF      R0
0x01B8	0x29C1      	GOTO       L_end_equalizer
L_equalizer12:
;PWMAudioC.c,41 :: 		else if(c > 0)
0x01B9	0x0852      	MOVF       FARG_equalizer_c, 0
0x01BA	0x3C00      	SUBLW      0
0x01BB	0x1803      	BTFSC      STATUS, 0
0x01BC	0x29C0      	GOTO       L_equalizer14
;PWMAudioC.c,43 :: 		return 0b10000000;
0x01BD	0x3080      	MOVLW      128
0x01BE	0x00F0      	MOVWF      R0
0x01BF	0x29C1      	GOTO       L_end_equalizer
L_equalizer14:
;PWMAudioC.c,45 :: 		return 0;
0x01C0	0x01F0      	CLRF       R0
;PWMAudioC.c,46 :: 		}
L_end_equalizer:
0x01C1	0x0008      	RETURN
; end of _equalizer
_UART1_Read:
;__Lib_UART_c67.c,21 :: 		
;__Lib_UART_c67.c,24 :: 		
0x01C2	0x1283      	BCF        STATUS, 5
0x01C3	0x1303      	BCF        STATUS, 6
0x01C4	0x081A      	MOVF       RCREG, 0
0x01C5	0x00F1      	MOVWF      R1
;__Lib_UART_c67.c,25 :: 		
0x01C6	0x1C98      	BTFSS      RCSTA, 1
0x01C7	0x29CA      	GOTO       L_UART1_Read2
;__Lib_UART_c67.c,26 :: 		
0x01C8	0x1218      	BCF        RCSTA, 4
;__Lib_UART_c67.c,27 :: 		
0x01C9	0x1618      	BSF        RCSTA, 4
;__Lib_UART_c67.c,28 :: 		
L_UART1_Read2:
;__Lib_UART_c67.c,29 :: 		
0x01CA	0x0871      	MOVF       R1, 0
0x01CB	0x00F0      	MOVWF      R0
;__Lib_UART_c67.c,30 :: 		
L_end_UART1_Read:
0x01CC	0x0008      	RETURN
; end of _UART1_Read
___CC2DW:
;__Lib_System.c,134 :: 		
;__Lib_System.c,137 :: 		
_CC2D_Loop1:
;__Lib_System.c,139 :: 		
0x01CD	0x204A      	CALL       _____DoICP
0x01CE	0x118A      	BCF        PCLATH, 3
0x01CF	0x120A      	BCF        PCLATH, 4
;__Lib_System.c,141 :: 		
0x01D0	0x0080      	MOVWF      INDF
;__Lib_System.c,142 :: 		
0x01D1	0x0A84      	INCF       FSR, 1
;__Lib_System.c,143 :: 		
0x01D2	0x0AA1      	INCF       ___DoICPAddr, 1
;__Lib_System.c,145 :: 		
0x01D3	0x1903      	BTFSC      STATUS, 2
;__Lib_System.c,146 :: 		
0x01D4	0x0AA2      	INCF       ___DoICPAddr+1, 1
;__Lib_System.c,147 :: 		
0x01D5	0x03F0      	DECF       R0, 1
;__Lib_System.c,149 :: 		
0x01D6	0x1D03      	BTFSS      STATUS, 2
;__Lib_System.c,150 :: 		
0x01D7	0x29CD      	GOTO       _CC2D_Loop1
;__Lib_System.c,152 :: 		
L_end___CC2DW:
0x01D8	0x0008      	RETURN
; end of ___CC2DW
_PWM2_Start:
;__Lib_PWM_c21.c,19 :: 		
;__Lib_PWM_c21.c,20 :: 		
0x01D9	0x1683      	BSF        STATUS, 5
0x01DA	0x1303      	BCF        STATUS, 6
0x01DB	0x1087      	BCF        TRISC1_bit, BitPos(TRISC1_bit+0)
;__Lib_PWM_c21.c,21 :: 		
0x01DC	0x1283      	BCF        STATUS, 5
0x01DD	0x1512      	BSF        T2CON, 2
;__Lib_PWM_c21.c,22 :: 		
0x01DE	0x300C      	MOVLW      12
0x01DF	0x049D      	IORWF      CCP2CON, 1
;__Lib_PWM_c21.c,23 :: 		
L_end_PWM2_Start:
0x01E0	0x0008      	RETURN
; end of _PWM2_Start
_UART1_Init:
;__Lib_UART_c67.c,2 :: 		
;__Lib_UART_c67.c,5 :: 		
0x01E1	0x1683      	BSF        STATUS, 5
0x01E2	0x1303      	BCF        STATUS, 6
0x01E3	0x1698      	BSF        TXSTA, 5
;__Lib_UART_c67.c,6 :: 		
0x01E4	0x3090      	MOVLW      144
0x01E5	0x1283      	BCF        STATUS, 5
0x01E6	0x0098      	MOVWF      RCSTA
;__Lib_UART_c67.c,7 :: 		
0x01E7	0x1683      	BSF        STATUS, 5
0x01E8	0x1787      	BSF        TRISC7_bit, BitPos(TRISC7_bit+0)
;__Lib_UART_c67.c,8 :: 		
0x01E9	0x1307      	BCF        TRISC6_bit, BitPos(TRISC6_bit+0)
;__Lib_UART_c67.c,10 :: 		
L_UART1_Init0:
0x01EA	0x1283      	BCF        STATUS, 5
0x01EB	0x1E8C      	BTFSS      PIR1, 5
0x01EC	0x29F0      	GOTO       L_UART1_Init1
;__Lib_UART_c67.c,11 :: 		
0x01ED	0x081A      	MOVF       RCREG, 0
0x01EE	0x00F0      	MOVWF      R0
0x01EF	0x29EA      	GOTO       L_UART1_Init0
L_UART1_Init1:
;__Lib_UART_c67.c,12 :: 		
L_end_UART1_Init:
0x01F0	0x0008      	RETURN
; end of _UART1_Init
_main:
;PWMAudioC.c,63 :: 		void main()
;PWMAudioC.c,65 :: 		ANSEL = 0;
0x01F1	0x1683      	BSF        STATUS, 5
0x01F2	0x1703      	BSF        STATUS, 6
0x01F3	0x0188      	CLRF       ANSEL
;PWMAudioC.c,66 :: 		ANSELH = 0;
0x01F4	0x0189      	CLRF       ANSELH
;PWMAudioC.c,67 :: 		C1ON_bit = 0;
0x01F5	0x1283      	BCF        STATUS, 5
0x01F6	0x1387      	BCF        C1ON_bit, BitPos(C1ON_bit+0)
;PWMAudioC.c,68 :: 		C2ON_bit = 0;
0x01F7	0x1388      	BCF        C2ON_bit, BitPos(C2ON_bit+0)
;PWMAudioC.c,69 :: 		PORTC = 0;                          // set PORTC to 0
0x01F8	0x1303      	BCF        STATUS, 6
0x01F9	0x0187      	CLRF       PORTC
;PWMAudioC.c,70 :: 		TRISC = 0;
0x01FA	0x1683      	BSF        STATUS, 5
0x01FB	0x0187      	CLRF       TRISC
;PWMAudioC.c,71 :: 		PWM2_Init(500000);
0x01FC	0x1283      	BCF        STATUS, 5
0x01FD	0x1012      	BCF        T2CON, 0
0x01FE	0x1092      	BCF        T2CON, 1
0x01FF	0x3009      	MOVLW      9
0x0200	0x1683      	BSF        STATUS, 5
0x0201	0x0092      	MOVWF      PR2
0x0202	0x20F6      	CALL       _PWM2_Init
;PWMAudioC.c,72 :: 		PWM2_Start();
0x0203	0x21D9      	CALL       _PWM2_Start
;PWMAudioC.c,73 :: 		PWM2_Set_Duty(255);
0x0204	0x30FF      	MOVLW      255
0x0205	0x00CD      	MOVWF      FARG_PWM2_Set_Duty_new_duty
0x0206	0x20BC      	CALL       _PWM2_Set_Duty
;PWMAudioC.c,75 :: 		UART1_Init(115200);
0x0207	0x300A      	MOVLW      10
0x0208	0x1683      	BSF        STATUS, 5
0x0209	0x0099      	MOVWF      SPBRG
0x020A	0x1518      	BSF        TXSTA, 2
0x020B	0x21E1      	CALL       _UART1_Init
;PWMAudioC.c,76 :: 		Delay_ms(100);
0x020C	0x3003      	MOVLW      3
0x020D	0x00FB      	MOVWF      R11
0x020E	0x308A      	MOVLW      138
0x020F	0x00FC      	MOVWF      R12
0x0210	0x3055      	MOVLW      85
0x0211	0x00FD      	MOVWF      R13
L_main18:
0x0212	0x0BFD      	DECFSZ     R13, 1
0x0213	0x2A12      	GOTO       L_main18
0x0214	0x0BFC      	DECFSZ     R12, 1
0x0215	0x2A12      	GOTO       L_main18
0x0216	0x0BFB      	DECFSZ     R11, 1
0x0217	0x2A12      	GOTO       L_main18
0x0218	0x0000      	NOP
0x0219	0x0000      	NOP
;PWMAudioC.c,77 :: 		Lcd_Init();
0x021A	0x2138      	CALL       _Lcd_Init
;PWMAudioC.c,78 :: 		Lcd_Cmd(_LCD_CURSOR_OFF);
0x021B	0x300C      	MOVLW      12
0x021C	0x00D1      	MOVWF      FARG_Lcd_Cmd_out_char
0x021D	0x207C      	CALL       _Lcd_Cmd
;PWMAudioC.c,79 :: 		Lcd_Cmd(_LCD_CLEAR);
0x021E	0x3001      	MOVLW      1
0x021F	0x00D1      	MOVWF      FARG_Lcd_Cmd_out_char
0x0220	0x207C      	CALL       _Lcd_Cmd
;PWMAudioC.c,82 :: 		for (position = 0; position < 33; position++)
0x0221	0x01A3      	CLRF       _position
L_main19:
0x0222	0x3021      	MOVLW      33
0x0223	0x0223      	SUBWF      _position, 0
0x0224	0x1803      	BTFSC      STATUS, 0
0x0225	0x2A2D      	GOTO       L_main20
;PWMAudioC.c,84 :: 		text[position] = ' ';
0x0226	0x0823      	MOVF       _position, 0
0x0227	0x3E24      	ADDLW      _text
0x0228	0x0084      	MOVWF      FSR
0x0229	0x3020      	MOVLW      32
0x022A	0x0080      	MOVWF      INDF
;PWMAudioC.c,82 :: 		for (position = 0; position < 33; position++)
0x022B	0x0AA3      	INCF       _position, 1
;PWMAudioC.c,85 :: 		}
0x022C	0x2A22      	GOTO       L_main19
L_main20:
;PWMAudioC.c,87 :: 		TRISD = 0;
0x022D	0x1683      	BSF        STATUS, 5
0x022E	0x0188      	CLRF       TRISD
;PWMAudioC.c,88 :: 		PORTD = 255;
0x022F	0x30FF      	MOVLW      255
0x0230	0x1283      	BCF        STATUS, 5
0x0231	0x0088      	MOVWF      PORTD
;PWMAudioC.c,89 :: 		cnt = 0;
0x0232	0x01C5      	CLRF       _cnt
0x0233	0x01C6      	CLRF       _cnt+1
;PWMAudioC.c,90 :: 		chr = 0;
0x0234	0x01C7      	CLRF       _chr
;PWMAudioC.c,91 :: 		position = 0;
0x0235	0x01A3      	CLRF       _position
;PWMAudioC.c,92 :: 		row = 1;
0x0236	0x3001      	MOVLW      1
0x0237	0x00CA      	MOVWF      _row
;PWMAudioC.c,93 :: 		col = 1;
0x0238	0x3001      	MOVLW      1
0x0239	0x00C8      	MOVWF      _col
;PWMAudioC.c,94 :: 		OPTION_REG = 0x84;
0x023A	0x3084      	MOVLW      132
0x023B	0x1683      	BSF        STATUS, 5
0x023C	0x0081      	MOVWF      OPTION_REG
;PWMAudioC.c,95 :: 		TMR0 = 155;
0x023D	0x309B      	MOVLW      155
0x023E	0x1283      	BCF        STATUS, 5
0x023F	0x0081      	MOVWF      TMR0
;PWMAudioC.c,96 :: 		INTCON = 0xA0;
0x0240	0x30A0      	MOVLW      160
0x0241	0x008B      	MOVWF      INTCON
;PWMAudioC.c,99 :: 		while (1)
L_main22:
;PWMAudioC.c,101 :: 		if (UART1_Data_Ready())
0x0242	0x20FC      	CALL       _UART1_Data_Ready
0x0243	0x0870      	MOVF       R0, 0
0x0244	0x1903      	BTFSC      STATUS, 2
0x0245	0x2A58      	GOTO       L_main24
;PWMAudioC.c,103 :: 		chr = UART1_Read();
0x0246	0x21C2      	CALL       _UART1_Read
0x0247	0x0870      	MOVF       R0, 0
0x0248	0x00C7      	MOVWF      _chr
;PWMAudioC.c,105 :: 		if (chr == 1)
0x0249	0x0870      	MOVF       R0, 0
0x024A	0x3A01      	XORLW      1
0x024B	0x1D03      	BTFSS      STATUS, 2
0x024C	0x2A4E      	GOTO       L_main25
;PWMAudioC.c,107 :: 		break;
0x024D	0x2A59      	GOTO       L_main23
;PWMAudioC.c,108 :: 		}
L_main25:
;PWMAudioC.c,111 :: 		if (position<33)
0x024E	0x3021      	MOVLW      33
0x024F	0x0223      	SUBWF      _position, 0
0x0250	0x1803      	BTFSC      STATUS, 0
0x0251	0x2A57      	GOTO       L_main27
;PWMAudioC.c,113 :: 		text[position] = chr;
0x0252	0x0823      	MOVF       _position, 0
0x0253	0x3E24      	ADDLW      _text
0x0254	0x0084      	MOVWF      FSR
0x0255	0x0847      	MOVF       _chr, 0
0x0256	0x0080      	MOVWF      INDF
;PWMAudioC.c,114 :: 		}
L_main27:
;PWMAudioC.c,115 :: 		position++;
0x0257	0x0AA3      	INCF       _position, 1
;PWMAudioC.c,117 :: 		}
L_main24:
;PWMAudioC.c,118 :: 		}
0x0258	0x2A42      	GOTO       L_main22
L_main23:
;PWMAudioC.c,121 :: 		chr = 0;
0x0259	0x01C7      	CLRF       _chr
;PWMAudioC.c,122 :: 		for (position=0; position<33; position++)
0x025A	0x01A3      	CLRF       _position
L_main28:
0x025B	0x3021      	MOVLW      33
0x025C	0x0223      	SUBWF      _position, 0
0x025D	0x1803      	BTFSC      STATUS, 0
0x025E	0x2A74      	GOTO       L_main29
;PWMAudioC.c,124 :: 		Lcd_Chr(row, col, text[position]);
0x025F	0x084A      	MOVF       _row, 0
0x0260	0x00CD      	MOVWF      FARG_Lcd_Chr_row
0x0261	0x0848      	MOVF       _col, 0
0x0262	0x00CE      	MOVWF      FARG_Lcd_Chr_column
0x0263	0x0823      	MOVF       _position, 0
0x0264	0x3E24      	ADDLW      _text
0x0265	0x0084      	MOVWF      FSR
0x0266	0x0800      	MOVF       INDF, 0
0x0267	0x00CF      	MOVWF      FARG_Lcd_Chr_out_char
0x0268	0x2103      	CALL       _Lcd_Chr
;PWMAudioC.c,125 :: 		col++;
0x0269	0x0AC8      	INCF       _col, 1
;PWMAudioC.c,126 :: 		if (position == 15)
0x026A	0x0823      	MOVF       _position, 0
0x026B	0x3A0F      	XORLW      15
0x026C	0x1D03      	BTFSS      STATUS, 2
0x026D	0x2A72      	GOTO       L_main31
;PWMAudioC.c,128 :: 		col = 1;
0x026E	0x3001      	MOVLW      1
0x026F	0x00C8      	MOVWF      _col
;PWMAudioC.c,129 :: 		row = 2;
0x0270	0x3002      	MOVLW      2
0x0271	0x00CA      	MOVWF      _row
;PWMAudioC.c,130 :: 		}
L_main31:
;PWMAudioC.c,122 :: 		for (position=0; position<33; position++)
0x0272	0x0AA3      	INCF       _position, 1
;PWMAudioC.c,131 :: 		}
0x0273	0x2A5B      	GOTO       L_main28
L_main29:
;PWMAudioC.c,134 :: 		while (1)
L_main32:
;PWMAudioC.c,136 :: 		if (UART1_Data_Ready())
0x0274	0x20FC      	CALL       _UART1_Data_Ready
0x0275	0x0870      	MOVF       R0, 0
0x0276	0x1903      	BTFSC      STATUS, 2
0x0277	0x2A7E      	GOTO       L_main34
;PWMAudioC.c,138 :: 		chr = UART1_Read();
0x0278	0x21C2      	CALL       _UART1_Read
0x0279	0x0870      	MOVF       R0, 0
0x027A	0x00C7      	MOVWF      _chr
;PWMAudioC.c,139 :: 		PWM2_Set_Duty(chr);
0x027B	0x0870      	MOVF       R0, 0
0x027C	0x00CD      	MOVWF      FARG_PWM2_Set_Duty_new_duty
0x027D	0x20BC      	CALL       _PWM2_Set_Duty
;PWMAudioC.c,140 :: 		}
L_main34:
;PWMAudioC.c,141 :: 		}
0x027E	0x2A74      	GOTO       L_main32
;PWMAudioC.c,142 :: 		}
L_end_main:
0x027F	0x2A7F      	GOTO       $+0
; end of _main
Symbol List:
//** Routines locations **
//ADDRESS    SIZE    PROCEDURE
//----------------------------------------------
0x0004      [44]    _interrupt
0x0030       [7]    _Delay_50us
0x0037      [13]    _Delay_5500us
0x0044       [6]    _Delay_1us
0x004A       [7]    _____DoICP
0x0051      [43]    _Mul_16x16_U
0x007C      [64]    _Lcd_Cmd
0x00BC      [58]    _PWM2_Set_Duty
0x00F6       [6]    _PWM2_Init
0x00FC       [7]    _UART1_Data_Ready
0x0103      [53]    _Lcd_Chr
0x0138      [78]    _Lcd_Init
0x0186      [60]    _equalizer
0x01C2      [11]    _UART1_Read
0x01CD      [12]    ___CC2DW
0x01D9       [8]    _PWM2_Start
0x01E1      [16]    _UART1_Init
0x01F1     [143]    _main
//** Variables locations ** 
//ADDRESS    SIZE    VARIABLE
//----------------------------------------------
0x0000       [1]    INDF
0x0001       [1]    TMR0
0x0002       [1]    PCL
0x0003       [1]    STATUS
0x0004       [1]    FSR
0x0006       [0]    LCD_D6
0x0006       [0]    LCD_D5
0x0006       [0]    LCD_D4
0x0006       [0]    RB0_bit
0x0006       [0]    LCD_D7
0x0006       [0]    RB1_bit
0x0006       [0]    RB3_bit
0x0006       [0]    RB4_bit
0x0006       [0]    RB5_bit
0x0006       [0]    LCD_EN
0x0006       [0]    LCD_RS
0x0006       [0]    RB2_bit
0x0007       [1]    PORTC
0x0008       [1]    PORTD
0x000A       [1]    PCLATH
0x000B       [0]    TMR0IF_bit
0x000B       [1]    INTCON
0x000C       [1]    PIR1
0x0012       [1]    T2CON
0x0018       [1]    RCSTA
0x001A       [1]    RCREG
0x001B       [1]    CCPR2L
0x001D       [1]    CCP2CON
0x0021       [2]    ___DoICPAddr
0x0023       [1]    _position
0x0024      [33]    _text
0x0045       [2]    _cnt
0x0047       [1]    _chr
0x0048       [1]    _col
0x0049       [0]    __Lib_Lcd_cmd_status
0x004A       [1]    _row
0x004B       [1]    ___saveSTATUS
0x004C       [1]    ___savePCLATH
0x004D       [1]    FARG_Lcd_Chr_row
0x004D       [1]    FARG_PWM2_Set_Duty_new_duty
0x004D       [4]    FARG_PWM2_Init_PWM_Freq
0x004E       [1]    FARG_Lcd_Chr_column
0x004F       [1]    FARG_Lcd_Chr_out_char
0x0051       [1]    FARG_Lcd_Cmd_out_char
0x0052       [1]    FARG_equalizer_c
0x0070       [1]    R0
0x0071       [1]    R1
0x0072       [1]    R2
0x0073       [1]    R3
0x0074       [1]    R4
0x0075       [1]    R5
0x0076       [1]    R6
0x0077       [1]    R7
0x0078       [1]    R8
0x0079       [1]    R9
0x007A       [1]    R10
0x007B       [1]    R11
0x007C       [1]    R12
0x007D       [1]    R13
0x007E       [1]    R14
0x007F       [1]    R15
0x0081       [1]    OPTION_REG
0x0086       [0]    TRISB4_bit
0x0086       [0]    TRISB5_bit
0x0086       [0]    LCD_EN_Direction
0x0086       [0]    LCD_D4_Direction
0x0086       [0]    LCD_RS_Direction
0x0086       [0]    LCD_D7_Direction
0x0086       [0]    LCD_D5_Direction
0x0086       [0]    LCD_D6_Direction
0x0086       [0]    TRISB0_bit
0x0086       [0]    TRISB2_bit
0x0086       [0]    TRISB1_bit
0x0086       [0]    TRISB3_bit
0x0087       [1]    TRISC
0x0087       [0]    TRISC7_bit
0x0087       [0]    TRISC6_bit
0x0087       [0]    TRISC1_bit
0x0088       [1]    TRISD
0x0092       [1]    PR2
0x0098       [1]    TXSTA
0x0099       [1]    SPBRG
0x009A       [1]    SPBRGH
0x0107       [0]    C1ON_bit
0x0108       [0]    C2ON_bit
0x0188       [1]    ANSEL
0x0189       [1]    ANSELH
//** Label List: ** 
//----------------------------------------------
  L_equalizer0
  L_equalizer1
  L_equalizer2
  L_equalizer3
  L_equalizer4
  L_equalizer5
  L_equalizer6
  L_equalizer7
  L_equalizer8
  L_equalizer9
  L_equalizer10
  L_equalizer11
  L_equalizer12
  L_equalizer13
  L_equalizer14
  L_equalizer15
  L_interrupt16
  L_interrupt17
  L_main18
  L_main19
  L_main20
  L_main21
  L_main22
  L_main23
  L_main24
  L_main25
  L_main26
  L_main27
  L_main28
  L_main29
  L_main30
  L_main31
  L_main32
  L_main33
  L_main34
  L_end_equalizer
  _equalizer
  L_end_interrupt
  _interrupt
  L__interrupt37
  L__interrupt38
  L_end_main
  _main
  L_Delay_10us0
  L_Delay_22us1
  L_Delay_50us2
  L_Delay_80us3
  L_Delay_500us4
  L_Delay_5500us5
  L_Delay_1ms6
  L_Delay_5ms7
  L_Delay_8ms8
  L_Delay_10ms9
  L_Delay_100ms10
  L_Delay_1sec11
  L_boot16_Delay_5ms12
  L_Delay_Cyc13
  L_Delay_Cyc14
  L_VDelay_ms15
  L_VDelay_ms16
  L_VDelay_ms17
  L_VDelay_Advanced_ms18
  L_VDelay_Advanced_ms19
  L_VDelay_Advanced_ms20
  L_end_Get_Fosc_kHz
  _Get_Fosc_kHz
  L_end_Delay_1us
  _Delay_1us
  L_end_Delay_10us
  _Delay_10us
  L_end_Delay_22us
  _Delay_22us
  L_end_Delay_50us
  _Delay_50us
  L_end_Delay_80us
  _Delay_80us
  L_end_Delay_500us
  _Delay_500us
  L_end_Delay_5500us
  _Delay_5500us
  L_end_Delay_1ms
  _Delay_1ms
  L_end_Delay_5ms
  _Delay_5ms
  L_end_Delay_8ms
  _Delay_8ms
  L_end_Delay_10ms
  _Delay_10ms
  L_end_Delay_100ms
  _Delay_100ms
  L_end_Delay_1sec
  _Delay_1sec
  L_end_boot16_Delay_5ms
  _boot16_Delay_5ms
  L_end_Delay_Cyc
  _Delay_Cyc
  L_end_VDelay_ms
  _VDelay_ms
  L__VDelay_ms38
  L__VDelay_ms39
  L__VDelay_ms40
  L_end_VDelay_Advanced_ms
  _VDelay_Advanced_ms
  L__VDelay_Advanced_ms42
  L__VDelay_Advanced_ms43
  L__VDelay_Advanced_ms44
  L_Lcd_Cmd0
  L_Lcd_Cmd1
  L_Lcd_Out_CP2
  L_Lcd_Out_CP3
  L_Lcd_Chr4
  L_Lcd_Chr5
  L_Lcd_Chr6
  L_Lcd_Chr7
  L_Lcd_Chr8
  L_Lcd_Chr9
  L_Lcd_Chr10
  L_Lcd_Out11
  L_Lcd_Out12
  L_Lcd_Out13
  L_Lcd_Out14
  L_Lcd_Out15
  L_Lcd_Out16
  L_Lcd_Out17
  L_Lcd_Out18
  L_Lcd_Out19
  L_end_Lcd_Cmd
  _Lcd_Cmd
  L__Lcd_Cmd21
  L__Lcd_Cmd22
  L__Lcd_Cmd23
  L__Lcd_Cmd24
  L__Lcd_Cmd25
  L__Lcd_Cmd26
  L__Lcd_Cmd27
  L__Lcd_Cmd28
  L__Lcd_Cmd29
  L__Lcd_Cmd30
  L__Lcd_Cmd31
  L__Lcd_Cmd32
  L__Lcd_Cmd33
  L__Lcd_Cmd34
  L__Lcd_Cmd35
  L__Lcd_Cmd36
  L__Lcd_Cmd37
  L__Lcd_Cmd38
  L__Lcd_Cmd39
  L__Lcd_Cmd40
  L_end_Lcd_Chr_CP
  _Lcd_Chr_CP
  L_end_Lcd_Out_CP
  _Lcd_Out_CP
  L_end_Lcd_Chr
  _Lcd_Chr
  L_end_Lcd_Init
  _Lcd_Init
  L_end_Lcd_Out
  _Lcd_Out
  L_Div_16x16_S0
  L_Div_16x16_S1
  LOOPS3232A
  SADD22LA
  SOK22LA
  SADD22L8
  SOK22L8
  LOOPS3232B
  SADD22LB
  SOK22LB
  SADD22L16
  SOK22L16
  LOOPS3232C
  SADD22LC
  SOK22LC
  SADD22L24
  SOK22L24
  LOOPS3232D
  SADD22LD
  SOK22LD
  SOK22L
  L_Div_32x32_S6
  L_Div_32x32_S7
  L_Div_32x32_S8
  L_Div_32x32_S9
  FXD3232S
  END_ALL
  CA3232S
  C3232SX
  C3232SX1
  C3232S
  C3232S2
  C3232SX4
  C3232SOK
  C3232SX3
  C3232SX2
  avoid_comfrem
  LOOPU3232A
  UADD22LA
  UOK22LA
  UADD22L8
  UOK22L8
  LOOPU3232B
  UADD22LB
  UOK22LB
  UADD22L16
  UOK22L16
  LOOPU3232C
  UADD22LC
  UOK22LC
  UADD22L24
  UOK22L24
  LOOPU3232D
  UADD22LD
  UOK22LD
  UOK22L
  _NEXT
  _EXIT2
  _LOOP
  _EXIT1
  _IF_FIRST
  _IF_SECOND
  _INVERCE_FIRST
  _MULT
  _INBERSE_SECOND
  _EXIT
  L_end_Mul_8x8_U
  _Mul_8x8_U
  L_end_Mul_16x16_U
  _Mul_16x16_U
  L_end_Div_8x8_U
  _Div_8x8_U
  L_end_Div_16x16_U
  _Div_16x16_U
  L_end_Mul_8x8_S
  _Mul_8x8_S
  L_end_Mul_16x16_S
  _Mul_16x16_S
  L_end_Div_16x16_S_L
  _Div_16x16_S_L
  L_end_Div_16x16_S
  _Div_16x16_S
  L_end_Div_8x8_S
  _Div_8x8_S
  L_end_SDIV3232L
  _SDIV3232L
  L_end_COMFREM
  _COMFREM
  L_end_Div_32x32_S
  _Div_32x32_S
  L_end_Div_32x32_U
  _Div_32x32_U
  L_end_Mul_32x32_U
  _Mul_32x32_U
  L_end_Mul_32x32_S
  _Mul_32x32_S
  L_end_PWM2_Init
  _PWM2_Init
  L_end_PWM2_Set_Duty
  _PWM2_Set_Duty
  L__PWM2_Set_Duty2
  L__PWM2_Set_Duty3
  L__PWM2_Set_Duty4
  L__PWM2_Set_Duty5
  L_end_PWM2_Start
  _PWM2_Start
  L_end_PWM2_Stop
  _PWM2_Stop
  L_end_PWM1_Init
  _PWM1_Init
  L_end_PWM1_Set_Duty
  _PWM1_Set_Duty
  L__PWM1_Set_Duty10
  L__PWM1_Set_Duty11
  L__PWM1_Set_Duty12
  L__PWM1_Set_Duty13
  L_end_PWM1_Start
  _PWM1_Start
  L_end_PWM1_Stop
  _PWM1_Stop
  L_loopCA2AWs
  L_CA2AWend
  _CCA2AW_Loop1
  L_loopCS2Ss
  L_CS2Send
  _CCS2S_Loop1
  L_CCS2Send
  L_loopFZinSWs
  L_FZinSend
  _CC2D_Loop1
  L_end_____DoICP
  _____DoICP
  L_end_____DoIFC
  _____DoIFC
  L_end___CA2AW
  ___CA2AW
  L_end___CCA2AW
  ___CCA2AW
  L_end___CS2S
  ___CS2S
  L_end___CCS2S
  ___CCS2S
  L_end___FZinS
  ___FZinS
  L_end___CC2DW
  ___CC2DW
  L_end_Swap
  _Swap
  L_UART1_Init0
  L_UART1_Init1
  L_UART1_Read2
  L_UART1_Write3
  L_UART1_Write4
  L_UART1_Write_Text5
  L_UART1_Write_Text6
  L_UART1_Read_Text7
  L_UART1_Read_Text8
  L_UART1_Read_Text9
  L_UART1_Read_Text10
  L_UART1_Read_Text11
  L_UART1_Read_Text12
  L_UART1_Read_Text13
  L_UART1_Read_Text14
  L_UART1_Read_Text15
  L_end_UART1_Init
  _UART1_Init
  L_end_UART1_Data_Ready
  _UART1_Data_Ready
  L_end_UART1_Read
  _UART1_Read
  L_end_UART1_Tx_Idle
  _UART1_Tx_Idle
  L_end_UART1_Write
  _UART1_Write
  L_end_UART1_Write_Text
  _UART1_Write_Text
  L_end_UART1_Read_Text
  _UART1_Read_Text
  L_equalizer0
  L_equalizer1
  L_equalizer2
  L_equalizer3
  L_equalizer4
  L_equalizer5
  L_equalizer6
  L_equalizer7
  L_equalizer8
  L_equalizer9
  L_equalizer10
  L_equalizer11
  L_equalizer12
  L_equalizer13
  L_equalizer14
  L_equalizer15
  L_interrupt16
  L_interrupt17
  L_main18
  L_main19
  L_main20
  L_main21
  L_main22
  L_main23
  L_main24
  L_main25
  L_main26
  L_main27
  L_main28
  L_main29
  L_main30
  L_main31
  L_main32
  L_main33
  L_main34
  L_end_equalizer
  _equalizer
  L_end_interrupt
  _interrupt
  L__interrupt37
  L__interrupt38
  L_end_main
  _main
